Arguments: 
  C:\Program Files\nodejs\node.exe C:\Program Files (x86)\Yarn\bin\yarn.js run dev

PATH: 
  C:\ProgramData\Oracle\Java\javapath;C:\Program Files (x86)\Common Files\Intel\Shared Libraries\redist\ia32\mpirt;C:\Program Files (x86)\Common Files\Intel\Shared Libraries\redist\ia32\compiler;C:\Windows\system32;C:\Windows;C:\Windows\System32\Wbem;C:\Windows\System32\WindowsPowerShell\v1.0\;C:\SWTOOLS\ReadyApps;C:\Program Files (x86)\NVIDIA Corporation\PhysX\Common;C:\Program Files (x86)\Attachmate\Reflection\;C:\Program Files (x86)\Shoreline Communications\ShoreWare Client\;C:\Program Files (x86)\Shoreline Communications\ShoreWare Client\win64;C:\Windows\System32\WindowsPowerShell\v1.0\;C:\Windows\System32\WindowsPowerShell\v1.0\;C:\Program Files (x86)\Skype\Phone\;C:\Program Files\nodejs\;C:\Program Files\Git\cmd;C:\Program Files (x86)\Yarn\bin\;;C:\Program Files\Microsoft VS Code\bin;C:\Users\halstemx\AppData\Roaming\npm;C:\Program Files\Theme Kit\;C:\Users\halstemx\AppData\Local\Yarn\bin

Yarn version: 
  1.5.1

Node version: 
  8.9.4

Platform: 
  win32 x64

npm manifest: 
  {
    "name": "spacelabs",
    "version": "1.0.0",
    "description": "Spacelabs Workflow",
    "main": "gulpfile.js",
    "directories": {
      "lib": "lib"
    },
    "scripts": {
      "dev-watch": "gulp --env=development",
      "test-stage": "gulp --env=test",
      "test-push": "cd spacelabs-test && theme replace --force",
      "test-download": "cd spacelabs-test && theme download --force",
      "prod-stage": "gulp --env=production",
      "prod-push": "cd spacelabs-prod && theme replace --force",
      "prod-download": "cd spacelabs-prod && theme download --force",
      "csv": "cd lib/csv && node index.js"
    },
    "author": "Spacelabs Healthcare",
    "license": "MIT",
    "devDependencies": {
      "del": "^3.0.0",
      "gulp": "^3.9.1",
      "gulp-autoprefixer": "^4.1.0",
      "gulp-cache": "^1.0.2",
      "gulp-changed": "^3.2.0",
      "gulp-concat": "^2.6.1",
      "gulp-concat-css": "^3.0.0",
      "gulp-cssnano": "^2.1.2",
      "gulp-imagemin": "^4.1.0",
      "gulp-livereload": "^3.8.1",
      "gulp-notify": "^3.2.0",
      "gulp-rename": "^1.2.2",
      "gulp-ruby-sass": "^3.0.0",
      "gulp-sass": "^3.1.0",
      "gulp-shopify-upload": "^2.0.0",
      "gulp-uglify": "^3.0.0",
      "gulp-util": "^3.0.8",
      "gulp-watch": "^5.0.0",
      "jshint": "^2.9.5",
      "node-bourbon": "^4.2.8",
      "node-neat": "^2.0.0-beta.0"
    },
    "dependencies": {
      "csvjson": "^5.0.0",
      "fs": "0.0.1-security",
      "npm": "^5.7.1",
      "path": "^0.12.7"
    }
  }

yarn manifest: 
  No manifest

Lockfile: 
  No lockfile

Trace: 
  Error: Command "dev" not found.
      at new MessageError (C:\Program Files (x86)\Yarn\lib\cli.js:186:110)
      at C:\Program Files (x86)\Yarn\lib\cli.js:87307:17
      at Generator.next (<anonymous>)
      at step (C:\Program Files (x86)\Yarn\lib\cli.js:98:30)
      at C:\Program Files (x86)\Yarn\lib\cli.js:116:14
      at new Promise (<anonymous>)
      at new F (C:\Program Files (x86)\Yarn\lib\cli.js:23451:28)
      at C:\Program Files (x86)\Yarn\lib\cli.js:95:12
      at runCommand (C:\Program Files (x86)\Yarn\lib\cli.js:87312:22)
      at Object.<anonymous> (C:\Program Files (x86)\Yarn\lib\cli.js:87412:14)
